[24/Oct/2016 15:35:12] "GET / HTTP/1.1" 404 2139
[24/Oct/2016 15:35:12] "GET /favicon.ico HTTP/1.1" 404 2172
[24/Oct/2016 15:35:15] "GET / HTTP/1.1" 404 2139
[24/Oct/2016 15:56:51] "GET /check HTTP/1.1" 301 0
[24/Oct/2016 15:56:51] "GET /check/ HTTP/1.1" 200 192
[24/Oct/2016 15:57:40] "GET /check/ HTTP/1.1" 200 191
[24/Oct/2016 15:57:43] "POST /check/ HTTP/1.1" 200 24
[24/Oct/2016 16:05:02] "GET /check/ HTTP/1.1" 200 191
[24/Oct/2016 16:05:02] "GET /favicon.ico HTTP/1.1" 404 2172
[24/Oct/2016 16:05:02] "GET /favicon.ico HTTP/1.1" 404 2172
[24/Oct/2016 16:05:16] "GET /check/ HTTP/1.1" 200 191
[24/Oct/2016 16:10:05] "POST /check/ HTTP/1.1" 200 24
[24/Oct/2016 16:10:22] "GET /check/ HTTP/1.1" 200 191
[24/Oct/2016 16:10:23] "POST /check/ HTTP/1.1" 200 24
[24/Oct/2016 16:12:21] "POST /check/ HTTP/1.1" 403 2274
[24/Oct/2016 16:14:13] "POST /check/ HTTP/1.1" 403 2274
[24/Oct/2016 16:14:30] "POST /check/ HTTP/1.1" 403 2274
[24/Oct/2016 16:15:18] "POST /check/ HTTP/1.1" 403 2274
[24/Oct/2016 16:15:47] "POST /check/ HTTP/1.1" 403 2274
[24/Oct/2016 16:17:00] "GET /check/ HTTP/1.1" 200 191
[24/Oct/2016 16:17:03] "POST /check/ HTTP/1.1" 200 24
[24/Oct/2016 16:27:05] "GET /check/ HTTP/1.1" 200 191
[24/Oct/2016 16:29:16] "GET /check/ HTTP/1.1" 200 191
[24/Oct/2016 16:29:49] "GET /check/ HTTP/1.1" 200 191
[24/Oct/2016 16:31:24] "POST /check/ HTTP/1.1" 403 2274
[24/Oct/2016 16:31:37] "POST /check/ HTTP/1.1" 403 2274
[24/Oct/2016 16:31:43] "POST /check/ HTTP/1.1" 403 2274
[24/Oct/2016 16:31:55] "GET /check/ HTTP/1.1" 200 191
[24/Oct/2016 16:32:21] "POST /check/ HTTP/1.1" 403 2274
[24/Oct/2016 16:32:31] "GET /check/ HTTP/1.1" 200 191
[24/Oct/2016 16:41:08] "GET /check/ HTTP/1.1" 200 191
[24/Oct/2016 16:41:54] "GET /check/ HTTP/1.1" 200 185
[24/Oct/2016 16:44:25] "POST /check/ HTTP/1.1" 403 2274
[24/Oct/2016 16:44:41] "GET /check/ HTTP/1.1" 200 185
[24/Oct/2016 16:48:45] "GET /check/ HTTP/1.1" 200 185
[24/Oct/2016 16:49:21] "GET /check/ HTTP/1.1" 200 185
[24/Oct/2016 17:00:25] "GET /check/ HTTP/1.1" 200 185
[24/Oct/2016 17:00:31] "GET /check/ HTTP/1.1" 200 185
[24/Oct/2016 17:00:40] "POST /check/ HTTP/1.1" 403 2274
[24/Oct/2016 17:02:19] "GET /check/ HTTP/1.1" 200 185
[24/Oct/2016 17:02:22] "POST /check/ HTTP/1.1" 403 2274
[24/Oct/2016 17:26:13] "GET /ga/ HTTP/1.1" 200 473
[24/Oct/2016 17:42:58] "GET /ga/ HTTP/1.1" 200 473
[24/Oct/2016 17:43:31] "GET /ga/ HTTP/1.1" 200 473
[24/Oct/2016 17:43:48] "GET /ga/ HTTP/1.1" 200 473
[24/Oct/2016 17:44:26] "GET /ga/ HTTP/1.1" 200 473
[24/Oct/2016 17:51:16] "GET /check HTTP/1.1" 301 0
[24/Oct/2016 17:51:16] "GET /check/ HTTP/1.1" 200 185
[24/Oct/2016 18:10:23] "POST /check/ HTTP/1.1" 403 2274
[24/Oct/2016 18:24:18] "POST /check/ HTTP/1.1" 403 2274
[24/Oct/2016 18:24:47] "POST /check/ HTTP/1.1" 403 2274
[24/Oct/2016 18:31:31] "GET /ga/ HTTP/1.1" 200 473
[24/Oct/2016 18:31:32] "POST /check/ HTTP/1.1" 403 2274
[24/Oct/2016 18:35:27] "GET /ga/ HTTP/1.1" 200 473
[24/Oct/2016 18:35:32] "POST /check/ HTTP/1.1" 403 2274
[24/Oct/2016 18:37:07] "GET /ga/ HTTP/1.1" 200 473
[24/Oct/2016 18:37:12] "POST /check/ HTTP/1.1" 403 2274
[24/Oct/2016 18:38:10] "GET /ga/ HTTP/1.1" 200 473
[24/Oct/2016 18:38:15] "POST /check/ HTTP/1.1" 403 2274
[24/Oct/2016 18:45:58] "GET /ga/ HTTP/1.1" 200 473
[24/Oct/2016 18:46:03] "POST /check/ HTTP/1.1" 403 2274
[24/Oct/2016 18:46:03] "GET /ga/ HTTP/1.1" 200 473
[24/Oct/2016 18:46:14] "GET /ga/ HTTP/1.1" 200 473
[24/Oct/2016 18:46:19] "POST /check/ HTTP/1.1" 403 2274
[24/Oct/2016 19:05:33] "GET /check/ HTTP/1.1" 200 185
[24/Oct/2016 19:05:39] "GET /ga/ HTTP/1.1" 200 476
[24/Oct/2016 19:05:58] "GET /ga/ HTTP/1.1" 200 476
[24/Oct/2016 19:06:03] "POST /check/ HTTP/1.1" 403 2274
[24/Oct/2016 19:07:03] "GET /check/ HTTP/1.1" 200 185
[24/Oct/2016 19:07:09] "GET /ga/ HTTP/1.1" 200 476
[24/Oct/2016 19:07:14] "POST /check/ HTTP/1.1" 403 2274
